# JRE version: Java(TM) SE Runtime Environment (8.0_144-b01) (build 1.8.0_144-b01)
# Java VM: Java HotSpot(TM) 64-Bit Server VM (25.144-b01 mixed mode windows-amd64 compressed oops)
Heap:
 PSYoungGen      total 435712K, used 296340K [0x00000000d5c00000, 0x00000000f0f80000, 0x0000000100000000)
  eden space 425472K, 69% used [0x00000000d5c00000,0x00000000e7d5d2d0,0x00000000efb80000)
  from space 10240K, 0% used [0x00000000efb80000,0x00000000efb88000,0x00000000f0580000)
  to   space 10240K, 0% used [0x00000000f0580000,0x00000000f0580000,0x00000000f0f80000)
 ParOldGen       total 87552K, used 15220K [0x0000000081400000, 0x0000000086980000, 0x00000000d5c00000)
  object space 87552K, 17% used [0x0000000081400000,0x00000000822dd098,0x0000000086980000)
 Metaspace       used 19646K, capacity 20452K, committed 20480K, reserved 1067008K
  class space    used 2649K, capacity 2807K, committed 2816K, reserved 1048576K
GC Heap History (10 events):
Event: 8421.996 GC heap before
{Heap before GC invocations=9 (full 0):
 PSYoungGen      total 275456K, used 265760K [0x00000000d5c00000, 0x00000000e7400000, 0x0000000100000000)
  eden space 265728K, 100% used [0x00000000d5c00000,0x00000000e5f80000,0x00000000e5f80000)
  from space 9728K, 0% used [0x00000000e6980000,0x00000000e6988000,0x00000000e7300000)
  to   space 10240K, 0% used [0x00000000e5f80000,0x00000000e5f80000,0x00000000e6980000)
 ParOldGen       total 87552K, used 15220K [0x0000000081400000, 0x0000000086980000, 0x00000000d5c00000)
  object space 87552K, 17% used [0x0000000081400000,0x00000000822dd098,0x0000000086980000)
 Metaspace       used 19646K, capacity 20452K, committed 20480K, reserved 1067008K
  class space    used 2649K, capacity 2807K, committed 2816K, reserved 1048576K
Event: 8422.665 GC heap after
Heap after GC invocations=9 (full 0):
 PSYoungGen      total 275968K, used 32K [0x00000000d5c00000, 0x00000000f0f80000, 0x0000000100000000)
  eden space 265728K, 0% used [0x00000000d5c00000,0x00000000d5c00000,0x00000000e5f80000)
  from space 10240K, 0% used [0x00000000e5f80000,0x00000000e5f88000,0x00000000e6980000)
  to   space 10240K, 0% used [0x00000000f0580000,0x00000000f0580000,0x00000000f0f80000)
 ParOldGen       total 87552K, used 15220K [0x0000000081400000, 0x0000000086980000, 0x00000000d5c00000)
  object space 87552K, 17% used [0x0000000081400000,0x00000000822dd098,0x0000000086980000)
 Metaspace       used 19646K, capacity 20452K, committed 20480K, reserved 1067008K
  class space    used 2649K, capacity 2807K, committed 2816K, reserved 1048576K
}
Event: 8474.318 GC heap before
{Heap before GC invocations=10 (full 0):
 PSYoungGen      total 275968K, used 265760K [0x00000000d5c00000, 0x00000000f0f80000, 0x0000000100000000)
  eden space 265728K, 100% used [0x00000000d5c00000,0x00000000e5f80000,0x00000000e5f80000)
  from space 10240K, 0% used [0x00000000e5f80000,0x00000000e5f88000,0x00000000e6980000)
  to   space 10240K, 0% used [0x00000000f0580000,0x00000000f0580000,0x00000000f0f80000)
 ParOldGen       total 87552K, used 15220K [0x0000000081400000, 0x0000000086980000, 0x00000000d5c00000)
  object space 87552K, 17% used [0x0000000081400000,0x00000000822dd098,0x0000000086980000)
 Metaspace       used 19646K, capacity 20452K, committed 20480K, reserved 1067008K
  class space    used 2649K, capacity 2807K, committed 2816K, reserved 1048576K
Event: 8475.131 GC heap after
Heap after GC invocations=10 (full 0):
 PSYoungGen      total 435712K, used 32K [0x00000000d5c00000, 0x00000000f0f80000, 0x0000000100000000)
  eden space 425472K, 0% used [0x00000000d5c00000,0x00000000d5c00000,0x00000000efb80000)
  from space 10240K, 0% used [0x00000000f0580000,0x00000000f0588000,0x00000000f0f80000)
  to   space 10240K, 0% used [0x00000000efb80000,0x00000000efb80000,0x00000000f0580000)
 ParOldGen       total 87552K, used 15220K [0x0000000081400000, 0x0000000086980000, 0x00000000d5c00000)
  object space 87552K, 17% used [0x0000000081400000,0x00000000822dd098,0x0000000086980000)
 Metaspace       used 19646K, capacity 20452K, committed 20480K, reserved 1067008K
  class space    used 2649K, capacity 2807K, committed 2816K, reserved 1048576K
}
Event: 8524.478 GC heap before
{Heap before GC invocations=11 (full 0):
 PSYoungGen      total 435712K, used 425504K [0x00000000d5c00000, 0x00000000f0f80000, 0x0000000100000000)
  eden space 425472K, 100% used [0x00000000d5c00000,0x00000000efb80000,0x00000000efb80000)
  from space 10240K, 0% used [0x00000000f0580000,0x00000000f0588000,0x00000000f0f80000)
  to   space 10240K, 0% used [0x00000000efb80000,0x00000000efb80000,0x00000000f0580000)
 ParOldGen       total 87552K, used 15220K [0x0000000081400000, 0x0000000086980000, 0x00000000d5c00000)
  object space 87552K, 17% used [0x0000000081400000,0x00000000822dd098,0x0000000086980000)
 Metaspace       used 19646K, capacity 20452K, committed 20480K, reserved 1067008K
  class space    used 2649K, capacity 2807K, committed 2816K, reserved 1048576K
Event: 8525.006 GC heap after
Heap after GC invocations=11 (full 0):
 PSYoungGen      total 435712K, used 0K [0x00000000d5c00000, 0x00000000f0f80000, 0x0000000100000000)
  eden space 425472K, 0% used [0x00000000d5c00000,0x00000000d5c00000,0x00000000efb80000)
  from space 10240K, 0% used [0x00000000efb80000,0x00000000efb80000,0x00000000f0580000)
  to   space 10240K, 0% used [0x00000000f0580000,0x00000000f0580000,0x00000000f0f80000)
 ParOldGen       total 87552K, used 15220K [0x0000000081400000, 0x0000000086980000, 0x00000000d5c00000)
  object space 87552K, 17% used [0x0000000081400000,0x00000000822dd098,0x0000000086980000)
 Metaspace       used 19646K, capacity 20452K, committed 20480K, reserved 1067008K
  class space    used 2649K, capacity 2807K, committed 2816K, reserved 1048576K
}
Event: 8604.054 GC heap before
{Heap before GC invocations=12 (full 0):
 PSYoungGen      total 435712K, used 425472K [0x00000000d5c00000, 0x00000000f0f80000, 0x0000000100000000)
  eden space 425472K, 100% used [0x00000000d5c00000,0x00000000efb80000,0x00000000efb80000)
  from space 10240K, 0% used [0x00000000efb80000,0x00000000efb80000,0x00000000f0580000)
  to   space 10240K, 0% used [0x00000000f0580000,0x00000000f0580000,0x00000000f0f80000)
 ParOldGen       total 87552K, used 15220K [0x0000000081400000, 0x0000000086980000, 0x00000000d5c00000)
  object space 87552K, 17% used [0x0000000081400000,0x00000000822dd098,0x0000000086980000)
 Metaspace       used 19646K, capacity 20452K, committed 20480K, reserved 1067008K
  class space    used 2649K, capacity 2807K, committed 2816K, reserved 1048576K
Event: 8604.576 GC heap after
Heap after GC invocations=12 (full 0):
 PSYoungGen      total 435712K, used 32K [0x00000000d5c00000, 0x00000000f0f80000, 0x0000000100000000)
  eden space 425472K, 0% used [0x00000000d5c00000,0x00000000d5c00000,0x00000000efb80000)
  from space 10240K, 0% used [0x00000000f0580000,0x00000000f0588000,0x00000000f0f80000)
  to   space 10240K, 0% used [0x00000000efb80000,0x00000000efb80000,0x00000000f0580000)
 ParOldGen       total 87552K, used 15220K [0x0000000081400000, 0x0000000086980000, 0x00000000d5c00000)
  object space 87552K, 17% used [0x0000000081400000,0x00000000822dd098,0x0000000086980000)
 Metaspace       used 19646K, capacity 20452K, committed 20480K, reserved 1067008K
  class space    used 2649K, capacity 2807K, committed 2816K, reserved 1048576K
}
Event: 8665.746 GC heap before
{Heap before GC invocations=13 (full 0):
 PSYoungGen      total 435712K, used 425504K [0x00000000d5c00000, 0x00000000f0f80000, 0x0000000100000000)
  eden space 425472K, 100% used [0x00000000d5c00000,0x00000000efb80000,0x00000000efb80000)
  from space 10240K, 0% used [0x00000000f0580000,0x00000000f0588000,0x00000000f0f80000)
  to   space 10240K, 0% used [0x00000000efb80000,0x00000000efb80000,0x00000000f0580000)
 ParOldGen       total 87552K, used 15220K [0x0000000081400000, 0x0000000086980000, 0x00000000d5c00000)
  object space 87552K, 17% used [0x0000000081400000,0x00000000822dd098,0x0000000086980000)
 Metaspace       used 19646K, capacity 20452K, committed 20480K, reserved 1067008K
  class space    used 2649K, capacity 2807K, committed 2816K, reserved 1048576K
Event: 8666.784 GC heap after
Heap after GC invocations=13 (full 0):
 PSYoungGen      total 435712K, used 32K [0x00000000d5c00000, 0x00000000f0f80000, 0x0000000100000000)
  eden space 425472K, 0% used [0x00000000d5c00000,0x00000000d5c00000,0x00000000efb80000)
  from space 10240K, 0% used [0x00000000efb80000,0x00000000efb88000,0x00000000f0580000)
  to   space 10240K, 0% used [0x00000000f0580000,0x00000000f0580000,0x00000000f0f80000)
 ParOldGen       total 87552K, used 15220K [0x0000000081400000, 0x0000000086980000, 0x00000000d5c00000)
  object space 87552K, 17% used [0x0000000081400000,0x00000000822dd098,0x0000000086980000)
 Metaspace       used 19646K, capacity 20452K, committed 20480K, reserved 1067008K
  class space    used 2649K, capacity 2807K, committed 2816K, reserved 1048576K
}

